<?xml version="1.0" encoding="UTF-8"?>
<testsuite name="SILab2Test" tests="2" skipped="0" failures="0" errors="0" timestamp="2022-05-13T11:57:50" hostname="DESKTOP-R0PP40B" time="0.025">
  <properties/>
  <testcase name="EveryStatement()" classname="SILab2Test" time="0.023"/>
  <testcase name="EveryBranch()" classname="SILab2Test" time="0.001"/>
  <system-out><![CDATA[]]></system-out>
  <system-err><![CDATA[]]></system-err>
</testsuite>
