<?xml version="1.0" encoding="UTF-8"?>
<testsuite name="SILab2Test" tests="1" skipped="0" failures="0" errors="0" timestamp="2022-05-13T12:36:53" hostname="DESKTOP-R0PP40B" time="0.036">
  <properties/>
  <testcase name="EveryStatement()" classname="SILab2Test" time="0.036"/>
  <system-out><![CDATA[]]></system-out>
  <system-err><![CDATA[]]></system-err>
</testsuite>
